  Application.cpp
  Astero.cpp
  Camera.cpp
  CrunchyMachine.cpp
  D3DApp.cpp
  GameObject.cpp
  GameObjectManager.cpp
C:\Users\tletallec\Documents\Projets GTech 3\gtech3-proj3-directX12_engine\CrunchyMachine\Engine\GameObjectManager.cpp(41,15): warning C4267: 'initialisation' : conversion de 'size_t' en 'int', perte possible de données
  GameTimer.cpp
  UploadBuffer.cpp
  Shader.cpp
  GeoManager.cpp
  MeshGeometry.cpp
  RenderComponent.cpp
  SpaceShip.cpp
  Transform.cpp
  Window.cpp
  Génération de code en cours
  Previous IPDB not found, fall back to full compilation.
  All 662 functions were compiled because no usable IPDB/IOBJ from previous compilation was found.
  Fin de la génération du code
  CrunchyMachine.vcxproj -> C:\Users\tletallec\Documents\Projets GTech 3\gtech3-proj3-directX12_engine\x64\Release\CrunchyMachine.exe
